{
  "RSpec": {
    "coverage": {
      "/Users/austinwoods/Documents/3mod/projects/rails-engine/config/environment.rb": {
        "lines": [
          null,
          1,
          null,
          null,
          1
        ]
      },
      "/Users/austinwoods/Documents/3mod/projects/rails-engine/config/application.rb": {
        "lines": [
          1,
          null,
          1,
          null,
          1,
          1,
          1,
          1,
          1,
          1,
          1,
          1,
          1,
          1,
          null,
          null,
          null,
          null,
          1,
          null,
          1,
          1,
          null,
          1,
          null,
          null,
          null,
          null,
          null,
          null,
          null,
          null,
          null,
          null,
          null,
          null,
          1,
          null,
          null
        ]
      },
      "/Users/austinwoods/Documents/3mod/projects/rails-engine/config/boot.rb": {
        "lines": [
          1,
          null,
          1,
          1
        ]
      },
      "/Users/austinwoods/Documents/3mod/projects/rails-engine/config/environments/test.rb": {
        "lines": [
          1,
          null,
          null,
          null,
          null,
          null,
          null,
          1,
          null,
          null,
          null,
          1,
          null,
          null,
          null,
          null,
          1,
          null,
          null,
          1,
          1,
          null,
          null,
          null,
          null,
          1,
          1,
          1,
          null,
          null,
          1,
          null,
          null,
          1,
          null,
          null,
          1,
          null,
          1,
          null,
          null,
          null,
          null,
          1,
          null,
          null,
          1,
          null,
          null,
          1,
          null,
          null,
          1,
          null,
          null,
          null,
          null,
          null,
          null,
          null
        ]
      },
      "/Users/austinwoods/Documents/3mod/projects/rails-engine/config/initializers/cors.rb": {
        "lines": [
          null,
          null,
          null,
          null,
          null,
          null,
          null,
          null,
          null,
          null,
          null,
          null,
          null,
          null,
          null,
          null
        ]
      },
      "/Users/austinwoods/Documents/3mod/projects/rails-engine/config/initializers/filter_parameter_logging.rb": {
        "lines": [
          null,
          null,
          null,
          null,
          null,
          1,
          null,
          null
        ]
      },
      "/Users/austinwoods/Documents/3mod/projects/rails-engine/config/initializers/inflections.rb": {
        "lines": [
          null,
          null,
          null,
          null,
          null,
          null,
          null,
          null,
          null,
          null,
          null,
          null,
          null,
          null,
          null,
          null
        ]
      },
      "/Users/austinwoods/Documents/3mod/projects/rails-engine/config/routes.rb": {
        "lines": [
          1,
          null,
          null,
          null,
          null,
          null,
          1,
          1,
          1,
          1,
          null,
          null,
          null,
          1,
          1,
          1,
          null
        ]
      },
      "/Users/austinwoods/Documents/3mod/projects/rails-engine/spec/api/v1/items/delete_spec.rb": {
        "lines": [
          1,
          null,
          1,
          1,
          1,
          1,
          1,
          1,
          null,
          1,
          1,
          null,
          1,
          null,
          null,
          null
        ]
      },
      "/Users/austinwoods/Documents/3mod/projects/rails-engine/spec/api/v1/items/index_spec.rb": {
        "lines": [
          1,
          null,
          1,
          1,
          1,
          1,
          1,
          1,
          1,
          1,
          1,
          null,
          1,
          null,
          1,
          null,
          1,
          44,
          44,
          44,
          44,
          44,
          null,
          null,
          null,
          null
        ]
      },
      "/Users/austinwoods/Documents/3mod/projects/rails-engine/spec/api/v1/items/merchant/show_spec.rb": {
        "lines": [
          1,
          null,
          1,
          1,
          1,
          1,
          1,
          1,
          null,
          1,
          1,
          null,
          1,
          null,
          null,
          null
        ]
      },
      "/Users/austinwoods/Documents/3mod/projects/rails-engine/spec/api/v1/items/show_spec.rb": {
        "lines": [
          1,
          null,
          1,
          1,
          1,
          1,
          1,
          1,
          1,
          1,
          1,
          null,
          1,
          null,
          1,
          null,
          1,
          1,
          1,
          1,
          1,
          null,
          null,
          null
        ]
      },
      "/Users/austinwoods/Documents/3mod/projects/rails-engine/spec/api/v1/items/update_spec.rb": {
        "lines": [
          1,
          null,
          1,
          1,
          1,
          1,
          1,
          null,
          1,
          null,
          null,
          null,
          null,
          1,
          1,
          null,
          1,
          1,
          null,
          1,
          1,
          1,
          1,
          null,
          null,
          null
        ]
      },
      "/Users/austinwoods/Documents/3mod/projects/rails-engine/spec/api/v1/merchants/index_spec.rb": {
        "lines": [
          1,
          null,
          1,
          1,
          1,
          1,
          1,
          1,
          1,
          1,
          null,
          1,
          null,
          1,
          null,
          1,
          14,
          14,
          null,
          null,
          null,
          null
        ]
      },
      "/Users/austinwoods/Documents/3mod/projects/rails-engine/spec/api/v1/merchants/items/index_spec.rb": {
        "lines": [
          1,
          null,
          1,
          1,
          1,
          1,
          1,
          1,
          1,
          1,
          1,
          null,
          1,
          null,
          1,
          1,
          null,
          1,
          4,
          4,
          4,
          4,
          4,
          null,
          null,
          null,
          null
        ]
      },
      "/Users/austinwoods/Documents/3mod/projects/rails-engine/spec/api/v1/merchants/show_spec.rb": {
        "lines": [
          1,
          null,
          1,
          1,
          1,
          1,
          1,
          1,
          1,
          1,
          null,
          1,
          null,
          1,
          1,
          null,
          1,
          1,
          null,
          null,
          null
        ]
      },
      "/Users/austinwoods/Documents/3mod/projects/rails-engine/app/models/merchant.rb": {
        "lines": [
          1,
          1,
          null
        ]
      },
      "/Users/austinwoods/Documents/3mod/projects/rails-engine/app/models/application_record.rb": {
        "lines": [
          1,
          1,
          null
        ]
      },
      "/Users/austinwoods/Documents/3mod/projects/rails-engine/app/controllers/api/v1/items_controller.rb": {
        "lines": [
          1,
          null,
          1,
          1,
          1,
          1,
          null,
          null,
          1,
          1,
          null,
          1,
          null,
          null,
          1,
          1,
          null,
          1,
          null,
          null,
          1,
          1,
          1,
          1,
          null,
          null,
          null,
          1,
          1,
          1,
          null,
          1,
          null,
          null,
          1,
          1,
          1,
          null,
          null,
          1,
          1,
          1,
          1,
          null,
          null,
          1,
          1,
          2,
          null,
          null
        ]
      },
      "/Users/austinwoods/Documents/3mod/projects/rails-engine/app/controllers/application_controller.rb": {
        "lines": [
          1,
          null
        ]
      },
      "/Users/austinwoods/Documents/3mod/projects/rails-engine/app/models/item.rb": {
        "lines": [
          1,
          1,
          null
        ]
      },
      "/Users/austinwoods/Documents/3mod/projects/rails-engine/app/serializers/item_serializer.rb": {
        "lines": [
          1,
          1,
          1,
          null
        ]
      },
      "/Users/austinwoods/Documents/3mod/projects/rails-engine/app/serializers/merchant_serializer.rb": {
        "lines": [
          1,
          1,
          1,
          null
        ]
      },
      "/Users/austinwoods/Documents/3mod/projects/rails-engine/app/controllers/api/v1/merchants_controller.rb": {
        "lines": [
          1,
          1,
          1,
          1,
          null,
          null,
          1,
          1,
          1,
          null,
          null,
          1,
          0,
          null,
          null
        ]
      }
    },
    "timestamp": 1689365581
  }
}
